<?xml version="1.0" encoding="UTF-8"?>
<testsuite xmlns:xsi="http://www.w3.org/2001/XMLSchema-instance" xsi:noNamespaceSchemaLocation="https://maven.apache.org/surefire/maven-surefire-plugin/xsd/surefire-test-report-3.0.xsd" version="3.0" name="com.narendra.JenkinsCicdEc2EcrDemoApplicationTests" time="3.261" tests="1" errors="0" skipped="0" failures="0">
  <properties>
[...]
</properties>
  <testcase name="contextLoads" classname="com.narendra.JenkinsCicdEc2EcrDemoApplicationTests" time="1.207">
    <system-out><![CDATA[02:37:45.080 [main] INFO org.springframework.test.context.support.AnnotationConfigContextLoaderUtils -- Could not detect default configuration classes for test class [com.narendra.JenkinsCicdEc2EcrDemoApplicationTests]: JenkinsCicdEc2EcrDemoApplicationTests does not declare any static, non-private, non-final, nested classes annotated with @Configuration.
02:37:45.233 [main] INFO org.springframework.boot.test.context.SpringBootTestContextBootstrapper -- Found @SpringBootConfiguration com.narendra.JenkinsCicdEc2EcrDemoApplication for test class com.narendra.JenkinsCicdEc2EcrDemoApplicationTests

  .   ____          _            __ _ _
 /\\ / ___'_ __ _ _(_)_ __  __ _ \ \ \ \
( ( )\___ | '_ | '_| | '_ \/ _` | \ \ \ \
 \\/  ___)| |_)| | | | | || (_| |  ) ) ) )
  '  |____| .__|_| |_|_| |_\__, | / / / /
 =========|_|==============|___/=/_/_/_/

 :: Spring Boot ::                (v3.3.2)

2024-08-18T02:37:45.620+05:30  INFO 1392 --- [           main] .n.JenkinsCicdEc2EcrDemoApplicationTests : Starting JenkinsCicdEc2EcrDemoApplicationTests using Java 17.0.10 with PID 1392 (started by Narendra in D:\Narendra Work\Learning and Practice\workspace_aws_java\jenkins-CICD-ec2-ecr-demo)
2024-08-18T02:37:45.621+05:30  INFO 1392 --- [           main] .n.JenkinsCicdEc2EcrDemoApplicationTests : No active profile set, falling back to 1 default profile: "default"
2024-08-18T02:37:46.858+05:30  INFO 1392 --- [           main] .n.JenkinsCicdEc2EcrDemoApplicationTests : Started JenkinsCicdEc2EcrDemoApplicationTests in 1.452 seconds (process running for 3.496)
]]></system-out>
  </testcase>
</testsuite>